-------------------------------------------------------------------------------
Test set: utn.edu.tpfinal.TpfinalApplicationTests
-------------------------------------------------------------------------------
Tests run: 1, Failures: 0, Errors: 1, Skipped: 0, Time elapsed: 1.848 s <<< FAILURE! - in utn.edu.tpfinal.TpfinalApplicationTests
contextLoads  Time elapsed: 0.001 s  <<< ERROR!
java.lang.IllegalStateException: Failed to load ApplicationContext
Caused by: org.springframework.beans.factory.BeanDefinitionStoreException: Failed to parse configuration class [utn.edu.tpfinal.TpfinalApplication]; nested exception is java.io.FileNotFoundException: Could not open ServletContext resource [/application.properties]
Caused by: java.io.FileNotFoundException: Could not open ServletContext resource [/application.properties]

